<?xml version="1.0" encoding="UTF-8" ?>
<testsuite tests="5" failures="0" name="br.com.weinersilva.teste.FizzBuzzTest" time="0.004" errors="0" skipped="0">
  <properties>
[...]
</properties>
  <testcase classname="br.com.weinersilva.teste.FizzBuzzTest" name="testaZero" time="0.003"/>
  <testcase classname="br.com.weinersilva.teste.FizzBuzzTest" name="testaNegativo" time="0"/>
  <testcase classname="br.com.weinersilva.teste.FizzBuzzTest" name="testaFizz" time="0"/>
  <testcase classname="br.com.weinersilva.teste.FizzBuzzTest" name="testaBuzz" time="0"/>
  <testcase classname="br.com.weinersilva.teste.FizzBuzzTest" name="testaFizzBuzz" time="0.001"/>
</testsuite>